C:\Users\Sam Villeneuve\Desktop\Final Assignment\Source\Windows\\Application\GAM-1514 Windows Game.exe
C:\Users\Sam Villeneuve\Desktop\Final Assignment\Source\Windows\\Application\GAM-1514 Windows Game.ilk
C:\Users\Sam Villeneuve\Desktop\Final Assignment\Source\Windows\\Application\GAM-1514 Windows Game.pdb
C:\USERS\SAM VILLENEUVE\DESKTOP\FINAL ASSIGNMENT\SOURCE\WINDOWS\BUILD FILES\DEBUG\ADLER32.OBJ
C:\USERS\SAM VILLENEUVE\DESKTOP\FINAL ASSIGNMENT\SOURCE\WINDOWS\BUILD FILES\DEBUG\APPCONSTANTS.OBJ
C:\USERS\SAM VILLENEUVE\DESKTOP\FINAL ASSIGNMENT\SOURCE\WINDOWS\BUILD FILES\DEBUG\B2BLOCKALLOCATOR.OBJ
C:\USERS\SAM VILLENEUVE\DESKTOP\FINAL ASSIGNMENT\SOURCE\WINDOWS\BUILD FILES\DEBUG\B2BODY.OBJ
C:\USERS\SAM VILLENEUVE\DESKTOP\FINAL ASSIGNMENT\SOURCE\WINDOWS\BUILD FILES\DEBUG\B2BROADPHASE.OBJ
C:\USERS\SAM VILLENEUVE\DESKTOP\FINAL ASSIGNMENT\SOURCE\WINDOWS\BUILD FILES\DEBUG\B2CHAINANDCIRCLECONTACT.OBJ
C:\USERS\SAM VILLENEUVE\DESKTOP\FINAL ASSIGNMENT\SOURCE\WINDOWS\BUILD FILES\DEBUG\B2CHAINANDPOLYGONCONTACT.OBJ
C:\USERS\SAM VILLENEUVE\DESKTOP\FINAL ASSIGNMENT\SOURCE\WINDOWS\BUILD FILES\DEBUG\B2CHAINSHAPE.OBJ
C:\USERS\SAM VILLENEUVE\DESKTOP\FINAL ASSIGNMENT\SOURCE\WINDOWS\BUILD FILES\DEBUG\B2CIRCLECONTACT.OBJ
C:\USERS\SAM VILLENEUVE\DESKTOP\FINAL ASSIGNMENT\SOURCE\WINDOWS\BUILD FILES\DEBUG\B2CIRCLESHAPE.OBJ
C:\USERS\SAM VILLENEUVE\DESKTOP\FINAL ASSIGNMENT\SOURCE\WINDOWS\BUILD FILES\DEBUG\B2COLLIDECIRCLE.OBJ
C:\USERS\SAM VILLENEUVE\DESKTOP\FINAL ASSIGNMENT\SOURCE\WINDOWS\BUILD FILES\DEBUG\B2COLLIDEEDGE.OBJ
C:\USERS\SAM VILLENEUVE\DESKTOP\FINAL ASSIGNMENT\SOURCE\WINDOWS\BUILD FILES\DEBUG\B2COLLIDEPOLYGON.OBJ
C:\USERS\SAM VILLENEUVE\DESKTOP\FINAL ASSIGNMENT\SOURCE\WINDOWS\BUILD FILES\DEBUG\B2COLLISION.OBJ
C:\USERS\SAM VILLENEUVE\DESKTOP\FINAL ASSIGNMENT\SOURCE\WINDOWS\BUILD FILES\DEBUG\B2CONTACT.OBJ
C:\USERS\SAM VILLENEUVE\DESKTOP\FINAL ASSIGNMENT\SOURCE\WINDOWS\BUILD FILES\DEBUG\B2CONTACTMANAGER.OBJ
C:\USERS\SAM VILLENEUVE\DESKTOP\FINAL ASSIGNMENT\SOURCE\WINDOWS\BUILD FILES\DEBUG\B2CONTACTSOLVER.OBJ
C:\USERS\SAM VILLENEUVE\DESKTOP\FINAL ASSIGNMENT\SOURCE\WINDOWS\BUILD FILES\DEBUG\B2DEBUGDRAW.OBJ
C:\USERS\SAM VILLENEUVE\DESKTOP\FINAL ASSIGNMENT\SOURCE\WINDOWS\BUILD FILES\DEBUG\B2DISTANCE.OBJ
C:\USERS\SAM VILLENEUVE\DESKTOP\FINAL ASSIGNMENT\SOURCE\WINDOWS\BUILD FILES\DEBUG\B2DISTANCEJOINT.OBJ
C:\USERS\SAM VILLENEUVE\DESKTOP\FINAL ASSIGNMENT\SOURCE\WINDOWS\BUILD FILES\DEBUG\B2DRAW.OBJ
C:\USERS\SAM VILLENEUVE\DESKTOP\FINAL ASSIGNMENT\SOURCE\WINDOWS\BUILD FILES\DEBUG\B2DYNAMICTREE.OBJ
C:\USERS\SAM VILLENEUVE\DESKTOP\FINAL ASSIGNMENT\SOURCE\WINDOWS\BUILD FILES\DEBUG\B2EDGEANDCIRCLECONTACT.OBJ
C:\USERS\SAM VILLENEUVE\DESKTOP\FINAL ASSIGNMENT\SOURCE\WINDOWS\BUILD FILES\DEBUG\B2EDGEANDPOLYGONCONTACT.OBJ
C:\USERS\SAM VILLENEUVE\DESKTOP\FINAL ASSIGNMENT\SOURCE\WINDOWS\BUILD FILES\DEBUG\B2EDGESHAPE.OBJ
C:\USERS\SAM VILLENEUVE\DESKTOP\FINAL ASSIGNMENT\SOURCE\WINDOWS\BUILD FILES\DEBUG\B2FIXTURE.OBJ
C:\USERS\SAM VILLENEUVE\DESKTOP\FINAL ASSIGNMENT\SOURCE\WINDOWS\BUILD FILES\DEBUG\B2FRICTIONJOINT.OBJ
C:\USERS\SAM VILLENEUVE\DESKTOP\FINAL ASSIGNMENT\SOURCE\WINDOWS\BUILD FILES\DEBUG\B2GEARJOINT.OBJ
C:\USERS\SAM VILLENEUVE\DESKTOP\FINAL ASSIGNMENT\SOURCE\WINDOWS\BUILD FILES\DEBUG\B2HELPER.OBJ
C:\USERS\SAM VILLENEUVE\DESKTOP\FINAL ASSIGNMENT\SOURCE\WINDOWS\BUILD FILES\DEBUG\B2ISLAND.OBJ
C:\USERS\SAM VILLENEUVE\DESKTOP\FINAL ASSIGNMENT\SOURCE\WINDOWS\BUILD FILES\DEBUG\B2JOINT.OBJ
C:\USERS\SAM VILLENEUVE\DESKTOP\FINAL ASSIGNMENT\SOURCE\WINDOWS\BUILD FILES\DEBUG\B2MATH.OBJ
C:\USERS\SAM VILLENEUVE\DESKTOP\FINAL ASSIGNMENT\SOURCE\WINDOWS\BUILD FILES\DEBUG\B2MOTORJOINT.OBJ
C:\USERS\SAM VILLENEUVE\DESKTOP\FINAL ASSIGNMENT\SOURCE\WINDOWS\BUILD FILES\DEBUG\B2MOUSEJOINT.OBJ
C:\USERS\SAM VILLENEUVE\DESKTOP\FINAL ASSIGNMENT\SOURCE\WINDOWS\BUILD FILES\DEBUG\B2POLYGONANDCIRCLECONTACT.OBJ
C:\USERS\SAM VILLENEUVE\DESKTOP\FINAL ASSIGNMENT\SOURCE\WINDOWS\BUILD FILES\DEBUG\B2POLYGONCONTACT.OBJ
C:\USERS\SAM VILLENEUVE\DESKTOP\FINAL ASSIGNMENT\SOURCE\WINDOWS\BUILD FILES\DEBUG\B2POLYGONSHAPE.OBJ
C:\USERS\SAM VILLENEUVE\DESKTOP\FINAL ASSIGNMENT\SOURCE\WINDOWS\BUILD FILES\DEBUG\B2PRISMATICJOINT.OBJ
C:\USERS\SAM VILLENEUVE\DESKTOP\FINAL ASSIGNMENT\SOURCE\WINDOWS\BUILD FILES\DEBUG\B2PULLEYJOINT.OBJ
C:\USERS\SAM VILLENEUVE\DESKTOP\FINAL ASSIGNMENT\SOURCE\WINDOWS\BUILD FILES\DEBUG\B2REVOLUTEJOINT.OBJ
C:\USERS\SAM VILLENEUVE\DESKTOP\FINAL ASSIGNMENT\SOURCE\WINDOWS\BUILD FILES\DEBUG\B2ROPE.OBJ
C:\USERS\SAM VILLENEUVE\DESKTOP\FINAL ASSIGNMENT\SOURCE\WINDOWS\BUILD FILES\DEBUG\B2ROPEJOINT.OBJ
C:\USERS\SAM VILLENEUVE\DESKTOP\FINAL ASSIGNMENT\SOURCE\WINDOWS\BUILD FILES\DEBUG\B2SETTINGS.OBJ
C:\USERS\SAM VILLENEUVE\DESKTOP\FINAL ASSIGNMENT\SOURCE\WINDOWS\BUILD FILES\DEBUG\B2STACKALLOCATOR.OBJ
C:\USERS\SAM VILLENEUVE\DESKTOP\FINAL ASSIGNMENT\SOURCE\WINDOWS\BUILD FILES\DEBUG\B2TIMEOFIMPACT.OBJ
C:\USERS\SAM VILLENEUVE\DESKTOP\FINAL ASSIGNMENT\SOURCE\WINDOWS\BUILD FILES\DEBUG\B2TIMER.OBJ
C:\USERS\SAM VILLENEUVE\DESKTOP\FINAL ASSIGNMENT\SOURCE\WINDOWS\BUILD FILES\DEBUG\B2WELDJOINT.OBJ
C:\USERS\SAM VILLENEUVE\DESKTOP\FINAL ASSIGNMENT\SOURCE\WINDOWS\BUILD FILES\DEBUG\B2WHEELJOINT.OBJ
C:\USERS\SAM VILLENEUVE\DESKTOP\FINAL ASSIGNMENT\SOURCE\WINDOWS\BUILD FILES\DEBUG\B2WORLD.OBJ
C:\USERS\SAM VILLENEUVE\DESKTOP\FINAL ASSIGNMENT\SOURCE\WINDOWS\BUILD FILES\DEBUG\B2WORLDCALLBACKS.OBJ
C:\USERS\SAM VILLENEUVE\DESKTOP\FINAL ASSIGNMENT\SOURCE\WINDOWS\BUILD FILES\DEBUG\BACKGROUNDLAYER.OBJ
C:\Users\Sam Villeneuve\Desktop\Final Assignment\Source\Windows\Build Files\Debug\cl.command.1.tlog
C:\Users\Sam Villeneuve\Desktop\Final Assignment\Source\Windows\Build Files\Debug\CL.read.1.tlog
C:\Users\Sam Villeneuve\Desktop\Final Assignment\Source\Windows\Build Files\Debug\CL.write.1.tlog
C:\USERS\SAM VILLENEUVE\DESKTOP\FINAL ASSIGNMENT\SOURCE\WINDOWS\BUILD FILES\DEBUG\COMPRESS.OBJ
C:\USERS\SAM VILLENEUVE\DESKTOP\FINAL ASSIGNMENT\SOURCE\WINDOWS\BUILD FILES\DEBUG\CRC32.OBJ
C:\USERS\SAM VILLENEUVE\DESKTOP\FINAL ASSIGNMENT\SOURCE\WINDOWS\BUILD FILES\DEBUG\DEFLATE.OBJ
C:\Users\Sam Villeneuve\Desktop\Final Assignment\Source\Windows\Build Files\Debug\GAM-1514 Windows Game.exe.embed.manifest
C:\Users\Sam Villeneuve\Desktop\Final Assignment\Source\Windows\Build Files\Debug\GAM-1514 Windows Game.exe.intermediate.manifest
C:\Users\Sam Villeneuve\Desktop\Final Assignment\Source\Windows\Build Files\Debug\GAM-1514 Windows Game.vcxprojResolveAssemblyReference.cache
C:\Users\Sam Villeneuve\Desktop\Final Assignment\Source\Windows\Build Files\Debug\GAM-1514 Windows Game.write.1.tlog
C:\Users\Sam Villeneuve\Desktop\Final Assignment\Source\Windows\Build Files\Debug\GAM-1514 Windows Game_manifest.rc
C:\USERS\SAM VILLENEUVE\DESKTOP\FINAL ASSIGNMENT\SOURCE\WINDOWS\BUILD FILES\DEBUG\GAME.OBJ
C:\USERS\SAM VILLENEUVE\DESKTOP\FINAL ASSIGNMENT\SOURCE\WINDOWS\BUILD FILES\DEBUG\GAMECONSTANTS.OBJ
C:\USERS\SAM VILLENEUVE\DESKTOP\FINAL ASSIGNMENT\SOURCE\WINDOWS\BUILD FILES\DEBUG\GAMEOBJECT.OBJ
C:\USERS\SAM VILLENEUVE\DESKTOP\FINAL ASSIGNMENT\SOURCE\WINDOWS\BUILD FILES\DEBUG\GDRANDOM.OBJ
C:\USERS\SAM VILLENEUVE\DESKTOP\FINAL ASSIGNMENT\SOURCE\WINDOWS\BUILD FILES\DEBUG\GROUND.OBJ
C:\USERS\SAM VILLENEUVE\DESKTOP\FINAL ASSIGNMENT\SOURCE\WINDOWS\BUILD FILES\DEBUG\GZCLOSE.OBJ
C:\USERS\SAM VILLENEUVE\DESKTOP\FINAL ASSIGNMENT\SOURCE\WINDOWS\BUILD FILES\DEBUG\GZLIB.OBJ
C:\USERS\SAM VILLENEUVE\DESKTOP\FINAL ASSIGNMENT\SOURCE\WINDOWS\BUILD FILES\DEBUG\GZREAD.OBJ
C:\USERS\SAM VILLENEUVE\DESKTOP\FINAL ASSIGNMENT\SOURCE\WINDOWS\BUILD FILES\DEBUG\GZWRITE.OBJ
C:\USERS\SAM VILLENEUVE\DESKTOP\FINAL ASSIGNMENT\SOURCE\WINDOWS\BUILD FILES\DEBUG\INFBACK.OBJ
C:\USERS\SAM VILLENEUVE\DESKTOP\FINAL ASSIGNMENT\SOURCE\WINDOWS\BUILD FILES\DEBUG\INFFAST.OBJ
C:\USERS\SAM VILLENEUVE\DESKTOP\FINAL ASSIGNMENT\SOURCE\WINDOWS\BUILD FILES\DEBUG\INFLATE.OBJ
C:\USERS\SAM VILLENEUVE\DESKTOP\FINAL ASSIGNMENT\SOURCE\WINDOWS\BUILD FILES\DEBUG\INFTREES.OBJ
C:\USERS\SAM VILLENEUVE\DESKTOP\FINAL ASSIGNMENT\SOURCE\WINDOWS\BUILD FILES\DEBUG\INPUTCONSTANTS.OBJ
C:\USERS\SAM VILLENEUVE\DESKTOP\FINAL ASSIGNMENT\SOURCE\WINDOWS\BUILD FILES\DEBUG\INPUTEVENT.OBJ
C:\USERS\SAM VILLENEUVE\DESKTOP\FINAL ASSIGNMENT\SOURCE\WINDOWS\BUILD FILES\DEBUG\INPUTLISTENER.OBJ
C:\USERS\SAM VILLENEUVE\DESKTOP\FINAL ASSIGNMENT\SOURCE\WINDOWS\BUILD FILES\DEBUG\INPUTMANAGER.OBJ
C:\USERS\SAM VILLENEUVE\DESKTOP\FINAL ASSIGNMENT\SOURCE\WINDOWS\BUILD FILES\DEBUG\JSON_READER.OBJ
C:\USERS\SAM VILLENEUVE\DESKTOP\FINAL ASSIGNMENT\SOURCE\WINDOWS\BUILD FILES\DEBUG\JSON_VALUE.OBJ
C:\USERS\SAM VILLENEUVE\DESKTOP\FINAL ASSIGNMENT\SOURCE\WINDOWS\BUILD FILES\DEBUG\JSON_WRITER.OBJ
C:\USERS\SAM VILLENEUVE\DESKTOP\FINAL ASSIGNMENT\SOURCE\WINDOWS\BUILD FILES\DEBUG\KEYBOARDEVENT.OBJ
C:\USERS\SAM VILLENEUVE\DESKTOP\FINAL ASSIGNMENT\SOURCE\WINDOWS\BUILD FILES\DEBUG\KINEMATICPLATFORM.OBJ
C:\Users\Sam Villeneuve\Desktop\Final Assignment\Source\Windows\Build Files\Debug\link.7592.read.1.tlog
C:\Users\Sam Villeneuve\Desktop\Final Assignment\Source\Windows\Build Files\Debug\link.7592.write.1.tlog
C:\Users\Sam Villeneuve\Desktop\Final Assignment\Source\Windows\Build Files\Debug\link.7592-cvtres.read.1.tlog
C:\Users\Sam Villeneuve\Desktop\Final Assignment\Source\Windows\Build Files\Debug\link.7592-cvtres.write.1.tlog
C:\Users\Sam Villeneuve\Desktop\Final Assignment\Source\Windows\Build Files\Debug\link.command.1.tlog
C:\Users\Sam Villeneuve\Desktop\Final Assignment\Source\Windows\Build Files\Debug\link.read.1.tlog
C:\Users\Sam Villeneuve\Desktop\Final Assignment\Source\Windows\Build Files\Debug\link.write.1.tlog
C:\Users\Sam Villeneuve\Desktop\Final Assignment\Source\Windows\Build Files\Debug\link-cvtres.read.1.tlog
C:\Users\Sam Villeneuve\Desktop\Final Assignment\Source\Windows\Build Files\Debug\link-cvtres.write.1.tlog
C:\USERS\SAM VILLENEUVE\DESKTOP\FINAL ASSIGNMENT\SOURCE\WINDOWS\BUILD FILES\DEBUG\LOGGER.OBJ
C:\USERS\SAM VILLENEUVE\DESKTOP\FINAL ASSIGNMENT\SOURCE\WINDOWS\BUILD FILES\DEBUG\MAIN.OBJ
C:\USERS\SAM VILLENEUVE\DESKTOP\FINAL ASSIGNMENT\SOURCE\WINDOWS\BUILD FILES\DEBUG\MATHUTILS.OBJ
C:\USERS\SAM VILLENEUVE\DESKTOP\FINAL ASSIGNMENT\SOURCE\WINDOWS\BUILD FILES\DEBUG\MOUSEEVENT.OBJ
C:\Users\Sam Villeneuve\Desktop\Final Assignment\Source\Windows\Build Files\Debug\mt.command.1.tlog
C:\Users\Sam Villeneuve\Desktop\Final Assignment\Source\Windows\Build Files\Debug\mt.read.1.tlog
C:\Users\Sam Villeneuve\Desktop\Final Assignment\Source\Windows\Build Files\Debug\mt.write.1.tlog
C:\USERS\SAM VILLENEUVE\DESKTOP\FINAL ASSIGNMENT\SOURCE\WINDOWS\BUILD FILES\DEBUG\OPENGLANIMATEDTEXTURE.OBJ
C:\USERS\SAM VILLENEUVE\DESKTOP\FINAL ASSIGNMENT\SOURCE\WINDOWS\BUILD FILES\DEBUG\OPENGLRENDERER.OBJ
C:\USERS\SAM VILLENEUVE\DESKTOP\FINAL ASSIGNMENT\SOURCE\WINDOWS\BUILD FILES\DEBUG\OPENGLTEXTURE.OBJ
C:\USERS\SAM VILLENEUVE\DESKTOP\FINAL ASSIGNMENT\SOURCE\WINDOWS\BUILD FILES\DEBUG\OPENGLTEXTURECACHE.OBJ
C:\USERS\SAM VILLENEUVE\DESKTOP\FINAL ASSIGNMENT\SOURCE\WINDOWS\BUILD FILES\DEBUG\OPENGLTEXTURELOADER.OBJ
C:\USERS\SAM VILLENEUVE\DESKTOP\FINAL ASSIGNMENT\SOURCE\WINDOWS\BUILD FILES\DEBUG\OPENGLTEXTUREMANAGER.OBJ
C:\USERS\SAM VILLENEUVE\DESKTOP\FINAL ASSIGNMENT\SOURCE\WINDOWS\BUILD FILES\DEBUG\OPENGLWINDOW.OBJ
C:\USERS\SAM VILLENEUVE\DESKTOP\FINAL ASSIGNMENT\SOURCE\WINDOWS\BUILD FILES\DEBUG\PARALLAXBACKGROUND.OBJ
C:\USERS\SAM VILLENEUVE\DESKTOP\FINAL ASSIGNMENT\SOURCE\WINDOWS\BUILD FILES\DEBUG\PNG.OBJ
C:\USERS\SAM VILLENEUVE\DESKTOP\FINAL ASSIGNMENT\SOURCE\WINDOWS\BUILD FILES\DEBUG\PNGERROR.OBJ
C:\USERS\SAM VILLENEUVE\DESKTOP\FINAL ASSIGNMENT\SOURCE\WINDOWS\BUILD FILES\DEBUG\PNGGET.OBJ
C:\USERS\SAM VILLENEUVE\DESKTOP\FINAL ASSIGNMENT\SOURCE\WINDOWS\BUILD FILES\DEBUG\PNGMEM.OBJ
C:\USERS\SAM VILLENEUVE\DESKTOP\FINAL ASSIGNMENT\SOURCE\WINDOWS\BUILD FILES\DEBUG\PNGPREAD.OBJ
C:\USERS\SAM VILLENEUVE\DESKTOP\FINAL ASSIGNMENT\SOURCE\WINDOWS\BUILD FILES\DEBUG\PNGREAD.OBJ
C:\USERS\SAM VILLENEUVE\DESKTOP\FINAL ASSIGNMENT\SOURCE\WINDOWS\BUILD FILES\DEBUG\PNGRIO.OBJ
C:\USERS\SAM VILLENEUVE\DESKTOP\FINAL ASSIGNMENT\SOURCE\WINDOWS\BUILD FILES\DEBUG\PNGRTRAN.OBJ
C:\USERS\SAM VILLENEUVE\DESKTOP\FINAL ASSIGNMENT\SOURCE\WINDOWS\BUILD FILES\DEBUG\PNGRUTIL.OBJ
C:\USERS\SAM VILLENEUVE\DESKTOP\FINAL ASSIGNMENT\SOURCE\WINDOWS\BUILD FILES\DEBUG\PNGSET.OBJ
C:\USERS\SAM VILLENEUVE\DESKTOP\FINAL ASSIGNMENT\SOURCE\WINDOWS\BUILD FILES\DEBUG\PNGTRANS.OBJ
C:\USERS\SAM VILLENEUVE\DESKTOP\FINAL ASSIGNMENT\SOURCE\WINDOWS\BUILD FILES\DEBUG\PNGWIO.OBJ
C:\USERS\SAM VILLENEUVE\DESKTOP\FINAL ASSIGNMENT\SOURCE\WINDOWS\BUILD FILES\DEBUG\PNGWRITE.OBJ
C:\USERS\SAM VILLENEUVE\DESKTOP\FINAL ASSIGNMENT\SOURCE\WINDOWS\BUILD FILES\DEBUG\PNGWTRAN.OBJ
C:\USERS\SAM VILLENEUVE\DESKTOP\FINAL ASSIGNMENT\SOURCE\WINDOWS\BUILD FILES\DEBUG\PNGWUTIL.OBJ
C:\USERS\SAM VILLENEUVE\DESKTOP\FINAL ASSIGNMENT\SOURCE\WINDOWS\BUILD FILES\DEBUG\PROJECTILE.OBJ
C:\Users\Sam Villeneuve\Desktop\Final Assignment\Source\Windows\Build Files\Debug\rc.command.1.tlog
C:\Users\Sam Villeneuve\Desktop\Final Assignment\Source\Windows\Build Files\Debug\rc.read.1.tlog
C:\Users\Sam Villeneuve\Desktop\Final Assignment\Source\Windows\Build Files\Debug\rc.write.1.tlog
C:\USERS\SAM VILLENEUVE\DESKTOP\FINAL ASSIGNMENT\SOURCE\WINDOWS\BUILD FILES\DEBUG\RESOURCECONSTANTS.OBJ
C:\USERS\SAM VILLENEUVE\DESKTOP\FINAL ASSIGNMENT\SOURCE\WINDOWS\BUILD FILES\DEBUG\RESOURCEUTILS.OBJ
C:\USERS\SAM VILLENEUVE\DESKTOP\FINAL ASSIGNMENT\SOURCE\WINDOWS\BUILD FILES\DEBUG\SCREEN.OBJ
C:\USERS\SAM VILLENEUVE\DESKTOP\FINAL ASSIGNMENT\SOURCE\WINDOWS\BUILD FILES\DEBUG\SCREENMANAGER.OBJ
C:\USERS\SAM VILLENEUVE\DESKTOP\FINAL ASSIGNMENT\SOURCE\WINDOWS\BUILD FILES\DEBUG\STATICPLATFORM.OBJ
C:\USERS\SAM VILLENEUVE\DESKTOP\FINAL ASSIGNMENT\SOURCE\WINDOWS\BUILD FILES\DEBUG\TREES.OBJ
C:\USERS\SAM VILLENEUVE\DESKTOP\FINAL ASSIGNMENT\SOURCE\WINDOWS\BUILD FILES\DEBUG\TURRET.OBJ
C:\USERS\SAM VILLENEUVE\DESKTOP\FINAL ASSIGNMENT\SOURCE\WINDOWS\BUILD FILES\DEBUG\UNCOMPR.OBJ
C:\Users\Sam Villeneuve\Desktop\Final Assignment\Source\Windows\Build Files\Debug\vc100.idb
C:\USERS\SAM VILLENEUVE\DESKTOP\FINAL ASSIGNMENT\SOURCE\WINDOWS\BUILD FILES\DEBUG\VC100.PDB
C:\USERS\SAM VILLENEUVE\DESKTOP\FINAL ASSIGNMENT\SOURCE\WINDOWS\BUILD FILES\DEBUG\WIN32CONSTANTS.OBJ
C:\USERS\SAM VILLENEUVE\DESKTOP\FINAL ASSIGNMENT\SOURCE\WINDOWS\BUILD FILES\DEBUG\WIN32GAME.OBJ
C:\USERS\SAM VILLENEUVE\DESKTOP\FINAL ASSIGNMENT\SOURCE\WINDOWS\BUILD FILES\DEBUG\ZUTIL.OBJ
C:\USERS\SAM VILLENEUVE\DESKTOP\SOURCE\WINDOWS\APPLICATION\GAM-1514 WINDOWS GAME.EXE
C:\USERS\SAM VILLENEUVE\DESKTOP\SOURCE\WINDOWS\APPLICATION\GAM-1514 WINDOWS GAME.ILK
C:\USERS\SAM VILLENEUVE\DESKTOP\SOURCE\WINDOWS\APPLICATION\GAM-1514 WINDOWS GAME.PDB
C:\USERS\SAM VILLENEUVE\DESKTOP\SOURCE\WINDOWS\BUILD FILES\DEBUG\ADLER32.OBJ
C:\USERS\SAM VILLENEUVE\DESKTOP\SOURCE\WINDOWS\BUILD FILES\DEBUG\APPCONSTANTS.OBJ
C:\USERS\SAM VILLENEUVE\DESKTOP\SOURCE\WINDOWS\BUILD FILES\DEBUG\B2BLOCKALLOCATOR.OBJ
C:\USERS\SAM VILLENEUVE\DESKTOP\SOURCE\WINDOWS\BUILD FILES\DEBUG\B2BODY.OBJ
C:\USERS\SAM VILLENEUVE\DESKTOP\SOURCE\WINDOWS\BUILD FILES\DEBUG\B2BROADPHASE.OBJ
C:\USERS\SAM VILLENEUVE\DESKTOP\SOURCE\WINDOWS\BUILD FILES\DEBUG\B2CHAINANDCIRCLECONTACT.OBJ
C:\USERS\SAM VILLENEUVE\DESKTOP\SOURCE\WINDOWS\BUILD FILES\DEBUG\B2CHAINANDPOLYGONCONTACT.OBJ
C:\USERS\SAM VILLENEUVE\DESKTOP\SOURCE\WINDOWS\BUILD FILES\DEBUG\B2CHAINSHAPE.OBJ
C:\USERS\SAM VILLENEUVE\DESKTOP\SOURCE\WINDOWS\BUILD FILES\DEBUG\B2CIRCLECONTACT.OBJ
C:\USERS\SAM VILLENEUVE\DESKTOP\SOURCE\WINDOWS\BUILD FILES\DEBUG\B2CIRCLESHAPE.OBJ
C:\USERS\SAM VILLENEUVE\DESKTOP\SOURCE\WINDOWS\BUILD FILES\DEBUG\B2COLLIDECIRCLE.OBJ
C:\USERS\SAM VILLENEUVE\DESKTOP\SOURCE\WINDOWS\BUILD FILES\DEBUG\B2COLLIDEEDGE.OBJ
C:\USERS\SAM VILLENEUVE\DESKTOP\SOURCE\WINDOWS\BUILD FILES\DEBUG\B2COLLIDEPOLYGON.OBJ
C:\USERS\SAM VILLENEUVE\DESKTOP\SOURCE\WINDOWS\BUILD FILES\DEBUG\B2COLLISION.OBJ
C:\USERS\SAM VILLENEUVE\DESKTOP\SOURCE\WINDOWS\BUILD FILES\DEBUG\B2CONTACT.OBJ
C:\USERS\SAM VILLENEUVE\DESKTOP\SOURCE\WINDOWS\BUILD FILES\DEBUG\B2CONTACTMANAGER.OBJ
C:\USERS\SAM VILLENEUVE\DESKTOP\SOURCE\WINDOWS\BUILD FILES\DEBUG\B2CONTACTSOLVER.OBJ
C:\USERS\SAM VILLENEUVE\DESKTOP\SOURCE\WINDOWS\BUILD FILES\DEBUG\B2DEBUGDRAW.OBJ
C:\USERS\SAM VILLENEUVE\DESKTOP\SOURCE\WINDOWS\BUILD FILES\DEBUG\B2DISTANCE.OBJ
C:\USERS\SAM VILLENEUVE\DESKTOP\SOURCE\WINDOWS\BUILD FILES\DEBUG\B2DISTANCEJOINT.OBJ
C:\USERS\SAM VILLENEUVE\DESKTOP\SOURCE\WINDOWS\BUILD FILES\DEBUG\B2DRAW.OBJ
C:\USERS\SAM VILLENEUVE\DESKTOP\SOURCE\WINDOWS\BUILD FILES\DEBUG\B2DYNAMICTREE.OBJ
C:\USERS\SAM VILLENEUVE\DESKTOP\SOURCE\WINDOWS\BUILD FILES\DEBUG\B2EDGEANDCIRCLECONTACT.OBJ
C:\USERS\SAM VILLENEUVE\DESKTOP\SOURCE\WINDOWS\BUILD FILES\DEBUG\B2EDGEANDPOLYGONCONTACT.OBJ
C:\USERS\SAM VILLENEUVE\DESKTOP\SOURCE\WINDOWS\BUILD FILES\DEBUG\B2EDGESHAPE.OBJ
C:\USERS\SAM VILLENEUVE\DESKTOP\SOURCE\WINDOWS\BUILD FILES\DEBUG\B2FIXTURE.OBJ
C:\USERS\SAM VILLENEUVE\DESKTOP\SOURCE\WINDOWS\BUILD FILES\DEBUG\B2FRICTIONJOINT.OBJ
C:\USERS\SAM VILLENEUVE\DESKTOP\SOURCE\WINDOWS\BUILD FILES\DEBUG\B2GEARJOINT.OBJ
C:\USERS\SAM VILLENEUVE\DESKTOP\SOURCE\WINDOWS\BUILD FILES\DEBUG\B2HELPER.OBJ
C:\USERS\SAM VILLENEUVE\DESKTOP\SOURCE\WINDOWS\BUILD FILES\DEBUG\B2ISLAND.OBJ
C:\USERS\SAM VILLENEUVE\DESKTOP\SOURCE\WINDOWS\BUILD FILES\DEBUG\B2JOINT.OBJ
C:\USERS\SAM VILLENEUVE\DESKTOP\SOURCE\WINDOWS\BUILD FILES\DEBUG\B2MATH.OBJ
C:\USERS\SAM VILLENEUVE\DESKTOP\SOURCE\WINDOWS\BUILD FILES\DEBUG\B2MOTORJOINT.OBJ
C:\USERS\SAM VILLENEUVE\DESKTOP\SOURCE\WINDOWS\BUILD FILES\DEBUG\B2MOUSEJOINT.OBJ
C:\USERS\SAM VILLENEUVE\DESKTOP\SOURCE\WINDOWS\BUILD FILES\DEBUG\B2POLYGONANDCIRCLECONTACT.OBJ
C:\USERS\SAM VILLENEUVE\DESKTOP\SOURCE\WINDOWS\BUILD FILES\DEBUG\B2POLYGONCONTACT.OBJ
C:\USERS\SAM VILLENEUVE\DESKTOP\SOURCE\WINDOWS\BUILD FILES\DEBUG\B2POLYGONSHAPE.OBJ
C:\USERS\SAM VILLENEUVE\DESKTOP\SOURCE\WINDOWS\BUILD FILES\DEBUG\B2PRISMATICJOINT.OBJ
C:\USERS\SAM VILLENEUVE\DESKTOP\SOURCE\WINDOWS\BUILD FILES\DEBUG\B2PULLEYJOINT.OBJ
C:\USERS\SAM VILLENEUVE\DESKTOP\SOURCE\WINDOWS\BUILD FILES\DEBUG\B2REVOLUTEJOINT.OBJ
C:\USERS\SAM VILLENEUVE\DESKTOP\SOURCE\WINDOWS\BUILD FILES\DEBUG\B2ROPE.OBJ
C:\USERS\SAM VILLENEUVE\DESKTOP\SOURCE\WINDOWS\BUILD FILES\DEBUG\B2ROPEJOINT.OBJ
C:\USERS\SAM VILLENEUVE\DESKTOP\SOURCE\WINDOWS\BUILD FILES\DEBUG\B2SETTINGS.OBJ
C:\USERS\SAM VILLENEUVE\DESKTOP\SOURCE\WINDOWS\BUILD FILES\DEBUG\B2STACKALLOCATOR.OBJ
C:\USERS\SAM VILLENEUVE\DESKTOP\SOURCE\WINDOWS\BUILD FILES\DEBUG\B2TIMEOFIMPACT.OBJ
C:\USERS\SAM VILLENEUVE\DESKTOP\SOURCE\WINDOWS\BUILD FILES\DEBUG\B2TIMER.OBJ
C:\USERS\SAM VILLENEUVE\DESKTOP\SOURCE\WINDOWS\BUILD FILES\DEBUG\B2WELDJOINT.OBJ
C:\USERS\SAM VILLENEUVE\DESKTOP\SOURCE\WINDOWS\BUILD FILES\DEBUG\B2WHEELJOINT.OBJ
C:\USERS\SAM VILLENEUVE\DESKTOP\SOURCE\WINDOWS\BUILD FILES\DEBUG\B2WORLD.OBJ
C:\USERS\SAM VILLENEUVE\DESKTOP\SOURCE\WINDOWS\BUILD FILES\DEBUG\B2WORLDCALLBACKS.OBJ
C:\USERS\SAM VILLENEUVE\DESKTOP\SOURCE\WINDOWS\BUILD FILES\DEBUG\BACKGROUNDLAYER.OBJ
C:\USERS\SAM VILLENEUVE\DESKTOP\SOURCE\WINDOWS\BUILD FILES\DEBUG\COMPRESS.OBJ
C:\USERS\SAM VILLENEUVE\DESKTOP\SOURCE\WINDOWS\BUILD FILES\DEBUG\CRC32.OBJ
C:\USERS\SAM VILLENEUVE\DESKTOP\SOURCE\WINDOWS\BUILD FILES\DEBUG\DEFLATE.OBJ
C:\USERS\SAM VILLENEUVE\DESKTOP\SOURCE\WINDOWS\BUILD FILES\DEBUG\GAM-1514 WINDOWS GAME.EXE.EMBED.MANIFEST
C:\USERS\SAM VILLENEUVE\DESKTOP\SOURCE\WINDOWS\BUILD FILES\DEBUG\GAM-1514 WINDOWS GAME.EXE.EMBED.MANIFEST.RES
C:\USERS\SAM VILLENEUVE\DESKTOP\SOURCE\WINDOWS\BUILD FILES\DEBUG\GAM-1514 WINDOWS GAME.EXE.INTERMEDIATE.MANIFEST
C:\USERS\SAM VILLENEUVE\DESKTOP\SOURCE\WINDOWS\BUILD FILES\DEBUG\GAME.OBJ
C:\USERS\SAM VILLENEUVE\DESKTOP\SOURCE\WINDOWS\BUILD FILES\DEBUG\GAMECONSTANTS.OBJ
C:\USERS\SAM VILLENEUVE\DESKTOP\SOURCE\WINDOWS\BUILD FILES\DEBUG\GAMEOBJECT.OBJ
C:\USERS\SAM VILLENEUVE\DESKTOP\SOURCE\WINDOWS\BUILD FILES\DEBUG\GDRANDOM.OBJ
C:\USERS\SAM VILLENEUVE\DESKTOP\SOURCE\WINDOWS\BUILD FILES\DEBUG\GROUND.OBJ
C:\USERS\SAM VILLENEUVE\DESKTOP\SOURCE\WINDOWS\BUILD FILES\DEBUG\GZCLOSE.OBJ
C:\USERS\SAM VILLENEUVE\DESKTOP\SOURCE\WINDOWS\BUILD FILES\DEBUG\GZLIB.OBJ
C:\USERS\SAM VILLENEUVE\DESKTOP\SOURCE\WINDOWS\BUILD FILES\DEBUG\GZREAD.OBJ
C:\USERS\SAM VILLENEUVE\DESKTOP\SOURCE\WINDOWS\BUILD FILES\DEBUG\GZWRITE.OBJ
C:\USERS\SAM VILLENEUVE\DESKTOP\SOURCE\WINDOWS\BUILD FILES\DEBUG\INFBACK.OBJ
C:\USERS\SAM VILLENEUVE\DESKTOP\SOURCE\WINDOWS\BUILD FILES\DEBUG\INFFAST.OBJ
C:\USERS\SAM VILLENEUVE\DESKTOP\SOURCE\WINDOWS\BUILD FILES\DEBUG\INFLATE.OBJ
C:\USERS\SAM VILLENEUVE\DESKTOP\SOURCE\WINDOWS\BUILD FILES\DEBUG\INFTREES.OBJ
C:\USERS\SAM VILLENEUVE\DESKTOP\SOURCE\WINDOWS\BUILD FILES\DEBUG\INPUTCONSTANTS.OBJ
C:\USERS\SAM VILLENEUVE\DESKTOP\SOURCE\WINDOWS\BUILD FILES\DEBUG\INPUTEVENT.OBJ
C:\USERS\SAM VILLENEUVE\DESKTOP\SOURCE\WINDOWS\BUILD FILES\DEBUG\INPUTLISTENER.OBJ
C:\USERS\SAM VILLENEUVE\DESKTOP\SOURCE\WINDOWS\BUILD FILES\DEBUG\INPUTMANAGER.OBJ
C:\USERS\SAM VILLENEUVE\DESKTOP\SOURCE\WINDOWS\BUILD FILES\DEBUG\JSON_READER.OBJ
C:\USERS\SAM VILLENEUVE\DESKTOP\SOURCE\WINDOWS\BUILD FILES\DEBUG\JSON_VALUE.OBJ
C:\USERS\SAM VILLENEUVE\DESKTOP\SOURCE\WINDOWS\BUILD FILES\DEBUG\JSON_WRITER.OBJ
C:\USERS\SAM VILLENEUVE\DESKTOP\SOURCE\WINDOWS\BUILD FILES\DEBUG\KEYBOARDEVENT.OBJ
C:\USERS\SAM VILLENEUVE\DESKTOP\SOURCE\WINDOWS\BUILD FILES\DEBUG\KINEMATICPLATFORM.OBJ
C:\USERS\SAM VILLENEUVE\DESKTOP\SOURCE\WINDOWS\BUILD FILES\DEBUG\LOGGER.OBJ
C:\USERS\SAM VILLENEUVE\DESKTOP\SOURCE\WINDOWS\BUILD FILES\DEBUG\MAIN.OBJ
C:\USERS\SAM VILLENEUVE\DESKTOP\SOURCE\WINDOWS\BUILD FILES\DEBUG\MATHUTILS.OBJ
C:\USERS\SAM VILLENEUVE\DESKTOP\SOURCE\WINDOWS\BUILD FILES\DEBUG\MOUSEEVENT.OBJ
C:\USERS\SAM VILLENEUVE\DESKTOP\SOURCE\WINDOWS\BUILD FILES\DEBUG\OPENGLANIMATEDTEXTURE.OBJ
C:\USERS\SAM VILLENEUVE\DESKTOP\SOURCE\WINDOWS\BUILD FILES\DEBUG\OPENGLRENDERER.OBJ
C:\USERS\SAM VILLENEUVE\DESKTOP\SOURCE\WINDOWS\BUILD FILES\DEBUG\OPENGLTEXTURE.OBJ
C:\USERS\SAM VILLENEUVE\DESKTOP\SOURCE\WINDOWS\BUILD FILES\DEBUG\OPENGLTEXTURECACHE.OBJ
C:\USERS\SAM VILLENEUVE\DESKTOP\SOURCE\WINDOWS\BUILD FILES\DEBUG\OPENGLTEXTURELOADER.OBJ
C:\USERS\SAM VILLENEUVE\DESKTOP\SOURCE\WINDOWS\BUILD FILES\DEBUG\OPENGLTEXTUREMANAGER.OBJ
C:\USERS\SAM VILLENEUVE\DESKTOP\SOURCE\WINDOWS\BUILD FILES\DEBUG\OPENGLWINDOW.OBJ
C:\USERS\SAM VILLENEUVE\DESKTOP\SOURCE\WINDOWS\BUILD FILES\DEBUG\PARALLAXBACKGROUND.OBJ
C:\USERS\SAM VILLENEUVE\DESKTOP\SOURCE\WINDOWS\BUILD FILES\DEBUG\PNG.OBJ
C:\USERS\SAM VILLENEUVE\DESKTOP\SOURCE\WINDOWS\BUILD FILES\DEBUG\PNGERROR.OBJ
C:\USERS\SAM VILLENEUVE\DESKTOP\SOURCE\WINDOWS\BUILD FILES\DEBUG\PNGGET.OBJ
C:\USERS\SAM VILLENEUVE\DESKTOP\SOURCE\WINDOWS\BUILD FILES\DEBUG\PNGMEM.OBJ
C:\USERS\SAM VILLENEUVE\DESKTOP\SOURCE\WINDOWS\BUILD FILES\DEBUG\PNGPREAD.OBJ
C:\USERS\SAM VILLENEUVE\DESKTOP\SOURCE\WINDOWS\BUILD FILES\DEBUG\PNGREAD.OBJ
C:\USERS\SAM VILLENEUVE\DESKTOP\SOURCE\WINDOWS\BUILD FILES\DEBUG\PNGRIO.OBJ
C:\USERS\SAM VILLENEUVE\DESKTOP\SOURCE\WINDOWS\BUILD FILES\DEBUG\PNGRTRAN.OBJ
C:\USERS\SAM VILLENEUVE\DESKTOP\SOURCE\WINDOWS\BUILD FILES\DEBUG\PNGRUTIL.OBJ
C:\USERS\SAM VILLENEUVE\DESKTOP\SOURCE\WINDOWS\BUILD FILES\DEBUG\PNGSET.OBJ
C:\USERS\SAM VILLENEUVE\DESKTOP\SOURCE\WINDOWS\BUILD FILES\DEBUG\PNGTRANS.OBJ
C:\USERS\SAM VILLENEUVE\DESKTOP\SOURCE\WINDOWS\BUILD FILES\DEBUG\PNGWIO.OBJ
C:\USERS\SAM VILLENEUVE\DESKTOP\SOURCE\WINDOWS\BUILD FILES\DEBUG\PNGWRITE.OBJ
C:\USERS\SAM VILLENEUVE\DESKTOP\SOURCE\WINDOWS\BUILD FILES\DEBUG\PNGWTRAN.OBJ
C:\USERS\SAM VILLENEUVE\DESKTOP\SOURCE\WINDOWS\BUILD FILES\DEBUG\PNGWUTIL.OBJ
C:\USERS\SAM VILLENEUVE\DESKTOP\SOURCE\WINDOWS\BUILD FILES\DEBUG\PROJECTILE.OBJ
C:\USERS\SAM VILLENEUVE\DESKTOP\SOURCE\WINDOWS\BUILD FILES\DEBUG\RESOURCECONSTANTS.OBJ
C:\USERS\SAM VILLENEUVE\DESKTOP\SOURCE\WINDOWS\BUILD FILES\DEBUG\RESOURCEUTILS.OBJ
C:\USERS\SAM VILLENEUVE\DESKTOP\SOURCE\WINDOWS\BUILD FILES\DEBUG\SCREEN.OBJ
C:\USERS\SAM VILLENEUVE\DESKTOP\SOURCE\WINDOWS\BUILD FILES\DEBUG\SCREENMANAGER.OBJ
C:\USERS\SAM VILLENEUVE\DESKTOP\SOURCE\WINDOWS\BUILD FILES\DEBUG\STATICPLATFORM.OBJ
C:\USERS\SAM VILLENEUVE\DESKTOP\SOURCE\WINDOWS\BUILD FILES\DEBUG\TREES.OBJ
C:\USERS\SAM VILLENEUVE\DESKTOP\SOURCE\WINDOWS\BUILD FILES\DEBUG\TURRET.OBJ
C:\USERS\SAM VILLENEUVE\DESKTOP\SOURCE\WINDOWS\BUILD FILES\DEBUG\UNCOMPR.OBJ
C:\USERS\SAM VILLENEUVE\DESKTOP\SOURCE\WINDOWS\BUILD FILES\DEBUG\VC100.PDB
C:\USERS\SAM VILLENEUVE\DESKTOP\SOURCE\WINDOWS\BUILD FILES\DEBUG\WIN32CONSTANTS.OBJ
C:\USERS\SAM VILLENEUVE\DESKTOP\SOURCE\WINDOWS\BUILD FILES\DEBUG\WIN32GAME.OBJ
C:\USERS\SAM VILLENEUVE\DESKTOP\SOURCE\WINDOWS\BUILD FILES\DEBUG\ZUTIL.OBJ
